\BOOKMARK [3][-]{subsubsection.0.0.1}{Abstract}{}% 1
\BOOKMARK [1][-]{section.1}{Introduction}{}% 2
\BOOKMARK [1][-]{section.2}{Methods}{}% 3
\BOOKMARK [2][-]{subsection.2.1}{Teaching\040as\040a\040POMDP}{section.2}% 4
\BOOKMARK [3][-]{subsubsection.2.1.1}{General\040framework}{subsection.2.1}% 5
\BOOKMARK [3][-]{subsubsection.2.1.2}{Belief\040update}{subsection.2.1}% 6
\BOOKMARK [3][-]{subsubsection.2.1.3}{Application\040to\040automated\040teaching}{subsection.2.1}% 7
\BOOKMARK [3][-]{subsubsection.2.1.4}{Planning\040optimal\040actions}{subsection.2.1}% 8
\BOOKMARK [2][-]{subsection.2.2}{Application\040as\040``faster\040teaching''\040to\040concept\040learning}{section.2}% 9
\BOOKMARK [3][-]{subsubsection.2.2.1}{Teaching\040activity\040types}{subsection.2.2}% 10
\BOOKMARK [2][-]{subsection.2.3}{Learner\040models}{section.2}% 11
\BOOKMARK [3][-]{subsubsection.2.3.1}{Planning}{subsection.2.3}% 12
\BOOKMARK [2][-]{subsection.2.4}{Comparison\040with\040original\040paper}{section.2}% 13
\BOOKMARK [1][-]{section.3}{Experiments}{}% 14
\BOOKMARK [2][-]{subsection.3.1}{Baselines}{section.3}% 15
\BOOKMARK [2][-]{subsection.3.2}{Task\0401:\040Letter\040Arithmetic}{section.3}% 16
\BOOKMARK [2][-]{subsection.3.3}{Task\0402:\040Number\040Game}{section.3}% 17
\BOOKMARK [2][-]{subsection.3.4}{Simulation}{section.3}% 18
\BOOKMARK [3][-]{subsubsection.3.4.1}{Precomputing\040actions}{subsection.3.4}% 19
\BOOKMARK [3][-]{subsubsection.3.4.2}{Evaluation\040metric}{subsection.3.4}% 20
\BOOKMARK [2][-]{subsection.3.5}{Results}{section.3}% 21
\BOOKMARK [3][-]{subsubsection.3.5.1}{Letter\040Arithmetic}{subsection.3.5}% 22
\BOOKMARK [3][-]{subsubsection.3.5.2}{Number\040game}{subsection.3.5}% 23
\BOOKMARK [2][-]{subsection.3.6}{Implementation}{section.3}% 24
\BOOKMARK [1][-]{section.4}{Discussion}{}% 25
\BOOKMARK [2][-]{subsection.4.1}{Results}{section.4}% 26
\BOOKMARK [2][-]{subsection.4.2}{Learner\040models}{section.4}% 27
\BOOKMARK [2][-]{subsection.4.3}{Framework}{section.4}% 28
\BOOKMARK [1][-]{section.5}{Conclusion}{}% 29
\BOOKMARK [1][-]{section.6}{Acknowledgements}{}% 30
\BOOKMARK [1][-]{section.7}{Author\040contributions}{}% 31
\BOOKMARK [1][-]{section.8}{Supplementary\040material}{}% 32
